/home/jfosburgh/workspace/github.com/jfosburgh/boot.dev/keylogger/keyboard/_nixkeyboard.py:122: UserWarning: Failed to create a device file using `uinput` module. Sending of events may be limited or unavailable depending on plugged-in devices.
  device = aggregate_devices('kbd')
Traceback (most recent call last):
  File "/home/jfosburgh/workspace/github.com/jfosburgh/boot.dev/keylogger/main.py", line 15, in <module>
    main(sys.argv[1], int(sys.argv[2]), int(sys.argv[3]))
  File "/home/jfosburgh/workspace/github.com/jfosburgh/boot.dev/keylogger/main.py", line 11, in main
    overlay.run()
  File "/home/jfosburgh/workspace/github.com/jfosburgh/boot.dev/keylogger/graphics.py", line 152, in run
    self.root.mainloop()
  File "/usr/lib64/python3.12/tkinter/__init__.py", line 1499, in mainloop
    self.tk.mainloop(n)
KeyboardInterrupt
/home/jfosburgh/workspace/github.com/jfosburgh/boot.dev/keylogger/keyboard/_nixkeyboard.py:122: UserWarning: Failed to create a device file using `uinput` module. Sending of events may be limited or unavailable depending on plugged-in devices.
  device = aggregate_devices('kbd')
/home/jfosburgh/workspace/github.com/jfosburgh/boot.dev/keylogger/keyboard/_nixkeyboard.py:122: UserWarning: Failed to create a device file using `uinput` module. Sending of events may be limited or unavailable depending on plugged-in devices.
  device = aggregate_devices('kbd')
/home/jfosburgh/workspace/github.com/jfosburgh/boot.dev/keylogger/keyboard/_nixkeyboard.py:122: UserWarning: Failed to create a device file using `uinput` module. Sending of events may be limited or unavailable depending on plugged-in devices.
  device = aggregate_devices('kbd')
/home/jfosburgh/workspace/github.com/jfosburgh/boot.dev/keylogger/keyboard/_nixkeyboard.py:122: UserWarning: Failed to create a device file using `uinput` module. Sending of events may be limited or unavailable depending on plugged-in devices.
  device = aggregate_devices('kbd')
/home/jfosburgh/workspace/github.com/jfosburgh/boot.dev/keylogger/keyboard/_nixkeyboard.py:122: UserWarning: Failed to create a device file using `uinput` module. Sending of events may be limited or unavailable depending on plugged-in devices.
  device = aggregate_devices('kbd')
/home/jfosburgh/workspace/github.com/jfosburgh/boot.dev/keylogger/keyboard/_nixkeyboard.py:122: UserWarning: Failed to create a device file using `uinput` module. Sending of events may be limited or unavailable depending on plugged-in devices.
  device = aggregate_devices('kbd')
/home/jfosburgh/workspace/github.com/jfosburgh/boot.dev/keylogger/keyboard/_nixkeyboard.py:122: UserWarning: Failed to create a device file using `uinput` module. Sending of events may be limited or unavailable depending on plugged-in devices.
  device = aggregate_devices('kbd')
/home/jfosburgh/workspace/github.com/jfosburgh/boot.dev/keylogger/keyboard/_nixkeyboard.py:122: UserWarning: Failed to create a device file using `uinput` module. Sending of events may be limited or unavailable depending on plugged-in devices.
  device = aggregate_devices('kbd')
/home/jfosburgh/workspace/github.com/jfosburgh/boot.dev/keylogger/keyboard/_nixkeyboard.py:122: UserWarning: Failed to create a device file using `uinput` module. Sending of events may be limited or unavailable depending on plugged-in devices.
  device = aggregate_devices('kbd')
Traceback (most recent call last):
  File "/home/jfosburgh/workspace/github.com/jfosburgh/boot.dev/keylogger/main.py", line 4, in <module>
    from graphics import Overlay
  File "/home/jfosburgh/workspace/github.com/jfosburgh/boot.dev/keylogger/graphics.py", line 2, in <module>
    import qmk
  File "/home/jfosburgh/workspace/github.com/jfosburgh/boot.dev/keylogger/qmk.py", line 56
    'VOLU:'🔊',
           ^
SyntaxError: invalid character '🔊' (U+1F50A)
/home/jfosburgh/workspace/github.com/jfosburgh/boot.dev/keylogger/keyboard/_nixkeyboard.py:122: UserWarning: Failed to create a device file using `uinput` module. Sending of events may be limited or unavailable depending on plugged-in devices.
  device = aggregate_devices('kbd')
/home/jfosburgh/workspace/github.com/jfosburgh/boot.dev/keylogger/keyboard/_nixkeyboard.py:122: UserWarning: Failed to create a device file using `uinput` module. Sending of events may be limited or unavailable depending on plugged-in devices.
  device = aggregate_devices('kbd')
Traceback (most recent call last):
  File "/home/jfosburgh/workspace/github.com/jfosburgh/boot.dev/keylogger/main.py", line 15, in <module>
    main(sys.argv[1], int(sys.argv[2]), int(sys.argv[3]))
  File "/home/jfosburgh/workspace/github.com/jfosburgh/boot.dev/keylogger/main.py", line 11, in main
    overlay.run()
  File "/home/jfosburgh/workspace/github.com/jfosburgh/boot.dev/keylogger/graphics.py", line 156, in run
    self.change_layer()
  File "/home/jfosburgh/workspace/github.com/jfosburgh/boot.dev/keylogger/graphics.py", line 132, in change_layer
    label.configure(font=('Courier', font_size))
    ^^^^^^^^^^^^^^^
AttributeError: 'StringVar' object has no attribute 'configure'
/home/jfosburgh/workspace/github.com/jfosburgh/boot.dev/keylogger/keyboard/_nixkeyboard.py:122: UserWarning: Failed to create a device file using `uinput` module. Sending of events may be limited or unavailable depending on plugged-in devices.
  device = aggregate_devices('kbd')
/home/jfosburgh/workspace/github.com/jfosburgh/boot.dev/keylogger/keyboard/_nixkeyboard.py:122: UserWarning: Failed to create a device file using `uinput` module. Sending of events may be limited or unavailable depending on plugged-in devices.
  device = aggregate_devices('kbd')
v
i
v
i
m
m
space
space
m
m
backspace
backspace
q
m
q
m
tab
tab
enter
enter
down
down
down
down
down
down
down
down
down
down
down
down
down
down
down
down
down
down
down
down
down
down
down
down
down
down
down
down
i
i
k
k
enter
enter
[
[
'
'
s
h
s
i
h
i
f
f
t
t
l
l
backspace
backspace
'
'
]
]
=
=
'
'
shift
shift
shift
shift
k
k
c
c
−
−
l
l
s
s
f
f
t
t
shift
'
'
enter
enter
k
k
enter
enter
[
[
'
'
a
l
a
l
t
t
'
'
]
]
=
=
'
'
shift
shift
shift
shift
shift
k
k
c
c
−
−
a
a
l
l
t
t
shift
'
'
enter
enter
k
k
enter
enter
[
[
'
'
c
c
t
t
r
r
l
l
'
'
]
]
=
=
'
'
shift
shift
shift
shift
k
c
k
c
−
−
l
l
c
c
t
t
l
l
shift
'
'
enter
enter
k
k
enter
enter
[
[
'
'
,
,
'
'
]
]
=
=
'
'
shift
shift
shift
shift
shift
shift
shift
shift
shift
shift
shift
shift
shift
shift
shift
k
k
c
c
−
−
c
o
c
o
m
m
m
m
shift
'
'
enter
enter
k
k
enter
enter
[
[
'
'
shift
,
,
shift
'
'
]
]
=
=
'
'
shift
shift
shift
shift
shift
shift
shift
shift
shift
shift
shift
k
k
c
c
−
−
c
c
o
o
m
m
m
m
shift
'
'
enter
enter
k
k
enter
enter
[
[
'
'
.
.
'
'
]
]
=
=
'
'
shift
shift
k
k
c
c
−
−
d
d
o
o
t
t
shift
'
'
enter
enter
k
k
enter
enter
[
[
'
'
shift
.
.
shift
'
'
]
]
=
=
'
'
shift
shift
shift
shift
shift
shift
shift
shift
shift
shift
shift
shift
shift
shift
shift
k
k
c
c
−
−
d
d
o
t
o
t
shift
'
'
enter
enter
backspace
backspace
backspace
backspace
backspace
backspace
backspace
backspace
backspace
backspace
backspace
backspace
backspace
backspace
backspace
backspace
backspace
backspace
backspace
backspace
backspace
backspace
backspace
backspace
backspace
backspace
backspace
backspace
backspace
backspace
backspace
backspace
backspace
backspace
backspace
backspace
backspace
backspace
backspace
backspace
backspace
backspace
backspace
backspace
backspace
backspace
backspace
backspace
backspace
backspace
backspace
backspace
backspace
backspace
backspace
backspace
backspace
backspace
backspace
backspace
backspace
backspace
backspace
backspace
backspace
backspace
backspace
backspace
backspace
backspace
backspace
backspace
backspace
backspace
backspace
backspace
backspace
backspace
backspace
backspace
backspace
backspace
backspace
backspace
backspace
backspace
backspace
backspace
backspace
backspace
backspace
backspace
backspace
backspace
backspace
backspace
backspace
backspace
backspace
backspace
backspace
backspace
backspace
backspace
backspace
backspace
backspace
backspace
backspace
backspace
backspace
backspace
backspace
backspace
backspace
backspace
backspace
backspace
backspace
backspace
backspace
backspace
backspace
backspace
backspace
backspace
backspace
backspace
backspace
backspace
backspace
backspace
backspace
backspace
backspace
backspace
backspace
backspace
backspace
backspace
backspace
backspace
backspace
backspace
backspace
backspace
backspace
backspace
backspace
backspace
backspace
backspace
backspace
backspace
backspace
backspace
backspace
backspace
backspace
backspace
backspace
backspace
backspace
backspace
enter
enter
k
k
enter
enter
[
[
'
'
2
2
backspace
backspace
backspace
backspace
backspace
backspace
backspace
backspace
backspace
backspace
backspace
backspace
backspace
backspace
backspace
backspace
backspace
backspace
backspace
backspace
backspace
backspace
backspace
backspace
backspace
backspace
backspace
backspace
backspace
backspace
backspace
backspace
backspace
backspace
backspace
down
down
down
down
down
down
down
down
down
down
down
down
down
down
down
down
down
down
down
down
down
down
down
down
down
down
down
down
down
down
down
down
down
down
down
down
down
down
down
down
down
down
down
down
down
down
down
down
down
down
down
down
down
down
down
down
down
down
up
up
up
up
up
up
up
up
up
up
up
up
up
up
up
up
up
up
up
up
up
up
up
up
up
up
up
up
up
up
up
up
up
up
up
up
up
up
up
up
up
up
up
up
up
up
up
up
up
up
up
up
up
up
up
up
up
up
up
up
up
up
up
up
up
up
up
up
up
up
up
up
up
up
up
up
up
up
up
up
up
up
up
up
up
up
up
up
up
up
up
up
up
up
up
up
up
up
up
up
up
up
up
up
up
up
esc
esc
shift
;
;
shift
x
x
enter
enter
up
up
down
down
v
i
v
i
m
space
m
space
g
g
r
tab
r
tab
enter
enter
down
down
down
down
down
down
down
down
down
down
down
down
down
down
down
down
down
down
down
down
down
down
down
down
down
down
down
down
down
down
down
down
down
down
down
down
down
down
down
down
down
down
down
down
up
up
up
up
up
up
up
up
up
up
up
up
up
up
up
up
up
up
up
up
up
up
up
up
o
o
s
l
s
e
l
e
.
.
backspace
backspace
backspace
backspace
backspace
backspace
e
e
.
.
f
f
backspace
backspace
backspace
backspace
l
l
f
f
.
.
k
e
k
e
y
y
p
p
r
e
r
e
s
s
s
s
shift
−
−
shift
c
a
c
a
l
l
l
l
b
a
b
a
c
k
c
k
space
=
space
=
space
space
s
e
s
l
e
l
f
f
.
.
h
h
a
n
a
n
d
d
l
l
e
e
shift
−
−
shift
k
e
k
e
y
y
c
h
c
h
a
a
n
n
g
g
e
e
left
left
left
left
left
left
left
left
left
left
left
left
left
left
left
left
left
left
left
left
left
left
left
left
left
left
left
left
left
left
left
left
left
left
left
left
left
left
left
left
left
left
left
left
left
left
left
left
left
left
left
backspace
backspace
backspace
backspace
backspace
backspace
backspace
backspace
backspace
backspace
e
e
v
v
e
e
n
n
t
t
right
right
right
right
right
right
right
right
right
right
right
right
right
right
right
right
right
right
right
right
right
right
right
right
right
right
right
right
right
right
right
right
right
right
right
right
right
right
right
right
right
right
right
right
right
right
right
right
right
backspace
backspace
backspace
backspace
backspace
backspace
backspace
backspace
backspace
backspace
backspace
backspace
e
e
v
v
e
e
n
n
t
t
down
down
down
down
down
down
down
down
down
down
down
down
down
down
down
down
down
down
down
down
down
down
down
down
down
down
down
down
down
down
down
down
down
down
down
down
down
down
down
down
down
down
down
down
down
down
down
down
down
down
down
down
down
down
down
down
down
down
down
down
down
down
down
down
down
down
down
down
down
down
down
down
down
down
down
down
down
down
down
down
down
down
down
down
down
down
down
down
down
down
down
down
down
down
down
down
down
down
down
down
down
down
down
down
down
down
down
down
down
down
down
down
down
down
down
down
down
down
down
down
down
down
down
down
down
down
down
down
down
down
down
down
down
down
down
down
down
down
down
down
down
down
down
down
down
down
down
down
down
down
down
down
down
down
down
down
down
down
down
down
down
down
down
down
up
up
up
up
up
up
up
up
up
up
up
up
down
down
down
down
down
down
down
down
down
down
down
down
esc
esc
o
o
enter
enter
s
e
s
e
l
l
f
.
f
.
backspace
backspace
backspace
backspace
backspace
backspace
backspace
backspace
backspace
backspace
d
d
e
f
e
space
f
space
h
a
h
a
n
n
d
d
l
e
l
e
shift
shift
−
−
shift
k
e
k
e
y
y
e
e
v
v
e
e
n
n
t
t
shift
9
9
shift
s
e
s
e
l
l
f
,
f
,
space
space
n
a
n
a
m
e
m
e
shift
0
0
;
;
shift
enter
enter
tab
tab
l
a
l
a
y
y
e
r
e
space
r
space
=
=
space
space
s
e
s
e
l
l
f
f
.
.
l
a
l
a
y
y
e
r
e
r
.
.
g
g
e
t
e
t
shift
9
0
9
0
shift
enter
enter
tab
tab
up
up
up
up
right
right
right
right
right
right
right
right
right
right
right
right
right
right
right
right
right
right
right
right
right
right
right
right
right
right
right
right
right
right
right
,
,
space
space
o
n
o
n
backspace
backspace
backspace
backspace
t
t
y
p
y
p
e
e
backspace
backspace
backspace
backspace
backspace
backspace
backspace
backspace
e
e
t
t
y
y
p
p
e
e
down
down
down
down
i
f
i
space
f
space
n
a
n
a
m
m
e
e
space
space
i
i
n
n
space
space
s
e
s
l
e
l
f
.
f
.
k
k
e
e
y
y
down
down
down
down
b
b
down
down
enter
enter
.
.
k
k
down
down
enter
enter
[
[
l
a
l
a
y
y
e
r
e
r
]
]
shift
;
;
shift
enter
enter
tab
tab
tab
tab
p
p
r
i
r
i
n
t
n
t
shift
9
9
shift
'
'
backspace
backspace
f
f
'
'
shift
[
[
shift
n
n
a
m
a
m
e
e
shift
]
]
shift
space
i
space
i
n
space
n
space
c
u
c
u
r
r
r
e
r
e
n
n
t
space
t
space
l
a
l
a
y
y
e
r
e
r
'
'
shift
0
0
shift
enter
enter
tab
tab
l
l
backspace
backspace
e
l
e
i
l
i
f
f
space
space
backspace
backspace
backspace
backspace
backspace
backspace
s
e
s
e
shift
;
;
shift
enter
enter
tab
tab
tab
tab
f
f
o
r
o
space
r
space
i
i
space
i
space
i
n
n
space
space
r
a
r
a
n
g
n
g
e
e
backspace
backspace
backspace
backspace
backspace
backspace
backspace
backspace
backspace
backspace
backspace
backspace
